<?xml version="1.0" encoding="UTF-8"?>
<testsuite name="Create user service" tests="1" skipped="0" failures="0" errors="0" timestamp="2023-05-23T01:22:45" hostname="SQAMED-88970" time="8.958">
  <properties/>
  <testcase name="Successful creation of a user in petStore" classname="Create user service" time="8.958"/>
  <system-out><![CDATA[HTTP/1.1 200 OK
Date: Tue, 23 May 2023 01:22:53 GMT
Content-Type: application/json
Transfer-Encoding: chunked
Connection: keep-alive
Access-Control-Allow-Origin: *
Access-Control-Allow-Methods: GET, POST, DELETE, PUT
Access-Control-Allow-Headers: Content-Type, api_key, Authorization
Server: Jetty(9.2.9.v20150224)

{
    "code": 200,
    "type": "unknown",
    "message": "2505"
}
]]></system-out>
  <system-err><![CDATA[[Test worker] INFO net.thucydides.core.steps.ConsoleLoggingListener - 
        __    _____ _____ ____ _____   ____   _    ____  ____  _____ ____  
  _     \ \  |_   _| ____/ ___|_   _| |  _ \ / \  / ___|/ ___|| ____|  _ \ 
 (_)_____| |   | | |  _| \___ \ | |   | |_) / _ \ \___ \\___ \|  _| | | | |
  _|_____| |   | | | |___ ___) || |   |  __/ ___ \ ___) |___) | |___| |_| |
 (_)     | |   |_| |_____|____/ |_|   |_| /_/   \_\____/|____/|_____|____/ 
        /_/                                                                

TEST PASSED: Successful creation of a user in petStore
----------------------------------------------------------------------------
]]></system-err>
</testsuite>
